{"contracts/BBOHoldingContract.sol":{"l":{"64":2,"65":2,"67":2,"68":2,"77":3,"78":2,"80":1,"81":1,"83":1,"89":3,"90":2,"92":1,"93":1,"95":1,"97":1,"101":14,"103":13,"104":8,"106":5,"108":0,"114":16,"119":8,"120":8,"121":8,"123":8,"124":8,"128":8,"130":6,"131":6,"132":6,"133":6,"135":6,"137":6,"139":6,"144":5,"145":5,"147":5,"148":5,"149":5,"151":4,"152":4,"153":1,"157":4,"158":4,"159":4,"161":4,"162":4,"164":4,"165":3,"167":1,"170":4,"172":4,"173":4,"174":1,"179":4,"183":4,"184":4,"188":4,"194":32,"195":32,"196":344,"197":344,"198":344,"199":32,"202":312},"path":"/Users/trantho/Code/SmartContract/BBOHoldingContract/contracts/BBOHoldingContract.sol","s":{"1":2,"2":2,"3":2,"4":2,"5":3,"6":2,"7":1,"8":1,"9":1,"10":3,"11":2,"12":1,"13":1,"14":1,"15":1,"16":14,"17":13,"18":8,"19":5,"20":5,"21":0,"22":16,"23":8,"24":8,"25":8,"26":8,"27":8,"28":8,"29":6,"30":6,"31":6,"32":6,"33":6,"34":6,"35":6,"36":5,"37":5,"38":5,"39":5,"40":5,"41":4,"42":4,"43":1,"44":4,"45":4,"46":4,"47":4,"48":4,"49":4,"50":1,"51":4,"52":4,"53":4,"54":4,"55":4,"56":4,"57":4,"58":32,"59":32,"60":344,"61":344,"62":344,"63":32,"64":0,"65":32,"66":312},"b":{"1":[2,0],"2":[2,0],"3":[2,1],"4":[1,1],"5":[2,1],"6":[1,1],"7":[1,0],"8":[1,0],"9":[13,1],"10":[8,5],"11":[5,0],"12":[8,0],"13":[8,0],"14":[8,0],"15":[6,2],"16":[6,0],"17":[5,0],"18":[5,0],"19":[5,0],"20":[4,1],"21":[1,3],"22":[3,1],"23":[4,0],"24":[1,3],"25":[4,0],"26":[4,0],"27":[32,312],"28":[0,32]},"f":{"1":2,"2":3,"3":3,"4":14,"5":16,"6":8,"7":5,"8":4,"9":4,"10":32},"fnMap":{"1":{"name":null,"line":63,"loc":{"start":{"line":63,"column":4},"end":{"line":63,"column":63}}},"2":{"name":"start","line":76,"loc":{"start":{"line":76,"column":4},"end":{"line":76,"column":25}}},"3":{"name":"drain","line":88,"loc":{"start":{"line":88,"column":4},"end":{"line":88,"column":25}}},"4":{"name":null,"line":100,"loc":{"start":{"line":100,"column":4},"end":{"line":100,"column":21}}},"5":{"name":"bboBalance","line":113,"loc":{"start":{"line":113,"column":4},"end":{"line":113,"column":54}}},"6":{"name":"depositBBO","line":118,"loc":{"start":{"line":118,"column":4},"end":{"line":118,"column":31}}},"7":{"name":"withdrawBBO","line":143,"loc":{"start":{"line":143,"column":4},"end":{"line":143,"column":32}}},"8":{"name":"getBonus","line":178,"loc":{"start":{"line":178,"column":4},"end":{"line":178,"column":68}}},"9":{"name":"internalCalculateBonus","line":182,"loc":{"start":{"line":182,"column":4},"end":{"line":182,"column":129}}},"10":{"name":"sqrt","line":193,"loc":{"start":{"line":193,"column":4},"end":{"line":193,"column":56}}}},"statementMap":{"1":{"start":{"line":64,"column":8},"end":{"line":64,"column":46}},"2":{"start":{"line":65,"column":8},"end":{"line":65,"column":36}},"3":{"start":{"line":67,"column":8},"end":{"line":67,"column":41}},"4":{"start":{"line":68,"column":8},"end":{"line":68,"column":21}},"5":{"start":{"line":77,"column":8},"end":{"line":77,"column":35}},"6":{"start":{"line":78,"column":8},"end":{"line":78,"column":37}},"7":{"start":{"line":80,"column":8},"end":{"line":80,"column":29}},"8":{"start":{"line":81,"column":8},"end":{"line":81,"column":59}},"9":{"start":{"line":83,"column":8},"end":{"line":83,"column":38}},"10":{"start":{"line":89,"column":8},"end":{"line":89,"column":35}},"11":{"start":{"line":90,"column":8},"end":{"line":90,"column":77}},"12":{"start":{"line":92,"column":8},"end":{"line":92,"column":34}},"13":{"start":{"line":93,"column":8},"end":{"line":93,"column":27}},"14":{"start":{"line":95,"column":8},"end":{"line":95,"column":63}},"15":{"start":{"line":97,"column":8},"end":{"line":97,"column":29}},"16":{"start":{"line":101,"column":8},"end":{"line":101,"column":36}},"17":{"start":{"line":103,"column":8},"end":{"line":103,"column":3052}},"18":{"start":{"line":104,"column":12},"end":{"line":104,"column":23}},"19":{"start":{"line":105,"column":15},"end":{"line":105,"column":3150}},"20":{"start":{"line":106,"column":12},"end":{"line":106,"column":24}},"21":{"start":{"line":108,"column":12},"end":{"line":108,"column":19}},"22":{"start":{"line":114,"column":8},"end":{"line":114,"column":62}},"23":{"start":{"line":119,"column":8},"end":{"line":119,"column":36}},"24":{"start":{"line":120,"column":8},"end":{"line":120,"column":30}},"25":{"start":{"line":121,"column":8},"end":{"line":121,"column":65}},"26":{"start":{"line":123,"column":8},"end":{"line":123,"column":46}},"27":{"start":{"line":124,"column":8},"end":{"line":124,"column":3753}},"28":{"start":{"line":128,"column":8},"end":{"line":128,"column":29}},"29":{"start":{"line":130,"column":8},"end":{"line":130,"column":50}},"30":{"start":{"line":131,"column":8},"end":{"line":131,"column":57}},"31":{"start":{"line":132,"column":8},"end":{"line":132,"column":29}},"32":{"start":{"line":133,"column":8},"end":{"line":133,"column":35}},"33":{"start":{"line":135,"column":8},"end":{"line":135,"column":49}},"34":{"start":{"line":137,"column":8},"end":{"line":137,"column":56}},"35":{"start":{"line":139,"column":8},"end":{"line":139,"column":75}},"36":{"start":{"line":144,"column":8},"end":{"line":144,"column":36}},"37":{"start":{"line":145,"column":8},"end":{"line":145,"column":32}},"38":{"start":{"line":147,"column":8},"end":{"line":147,"column":50}},"39":{"start":{"line":148,"column":8},"end":{"line":148,"column":58}},"40":{"start":{"line":149,"column":8},"end":{"line":149,"column":36}},"41":{"start":{"line":151,"column":8},"end":{"line":151,"column":48}},"42":{"start":{"line":152,"column":8},"end":{"line":152,"column":4602}},"43":{"start":{"line":153,"column":12},"end":{"line":153,"column":4682}},"44":{"start":{"line":157,"column":8},"end":{"line":157,"column":50}},"45":{"start":{"line":158,"column":8},"end":{"line":158,"column":34}},"46":{"start":{"line":159,"column":8},"end":{"line":159,"column":68}},"47":{"start":{"line":161,"column":8},"end":{"line":161,"column":57}},"48":{"start":{"line":162,"column":8},"end":{"line":162,"column":65}},"49":{"start":{"line":164,"column":8},"end":{"line":164,"column":5049}},"50":{"start":{"line":167,"column":12},"end":{"line":167,"column":39}},"51":{"start":{"line":170,"column":8},"end":{"line":170,"column":60}},"52":{"start":{"line":172,"column":8},"end":{"line":172,"column":70}},"53":{"start":{"line":173,"column":8},"end":{"line":173,"column":5332}},"54":{"start":{"line":179,"column":8},"end":{"line":179,"column":99}},"55":{"start":{"line":183,"column":8},"end":{"line":183,"column":33}},"56":{"start":{"line":184,"column":8},"end":{"line":184,"column":41}},"57":{"start":{"line":188,"column":8},"end":{"line":188,"column":6051}},"58":{"start":{"line":194,"column":8},"end":{"line":194,"column":17}},"59":{"start":{"line":195,"column":8},"end":{"line":195,"column":6270}},"60":{"start":{"line":196,"column":12},"end":{"line":196,"column":37}},"61":{"start":{"line":197,"column":12},"end":{"line":197,"column":37}},"62":{"start":{"line":198,"column":12},"end":{"line":198,"column":6381}},"63":{"start":{"line":199,"column":16},"end":{"line":199,"column":6428}},"64":{"start":{"line":199,"column":27},"end":{"line":199,"column":35}},"65":{"start":{"line":200,"column":21},"end":{"line":200,"column":29}},"66":{"start":{"line":202,"column":12},"end":{"line":202,"column":16}}},"branchMap":{"1":{"line":64,"type":"if","locations":[{"start":{"line":64,"column":8},"end":{"line":64,"column":8}},{"start":{"line":64,"column":8},"end":{"line":64,"column":8}}]},"2":{"line":65,"type":"if","locations":[{"start":{"line":65,"column":8},"end":{"line":65,"column":8}},{"start":{"line":65,"column":8},"end":{"line":65,"column":8}}]},"3":{"line":77,"type":"if","locations":[{"start":{"line":77,"column":8},"end":{"line":77,"column":8}},{"start":{"line":77,"column":8},"end":{"line":77,"column":8}}]},"4":{"line":78,"type":"if","locations":[{"start":{"line":78,"column":8},"end":{"line":78,"column":8}},{"start":{"line":78,"column":8},"end":{"line":78,"column":8}}]},"5":{"line":89,"type":"if","locations":[{"start":{"line":89,"column":8},"end":{"line":89,"column":8}},{"start":{"line":89,"column":8},"end":{"line":89,"column":8}}]},"6":{"line":90,"type":"if","locations":[{"start":{"line":90,"column":8},"end":{"line":90,"column":8}},{"start":{"line":90,"column":8},"end":{"line":90,"column":8}}]},"7":{"line":93,"type":"if","locations":[{"start":{"line":93,"column":8},"end":{"line":93,"column":8}},{"start":{"line":93,"column":8},"end":{"line":93,"column":8}}]},"8":{"line":95,"type":"if","locations":[{"start":{"line":95,"column":8},"end":{"line":95,"column":8}},{"start":{"line":95,"column":8},"end":{"line":95,"column":8}}]},"9":{"line":101,"type":"if","locations":[{"start":{"line":101,"column":8},"end":{"line":101,"column":8}},{"start":{"line":101,"column":8},"end":{"line":101,"column":8}}]},"10":{"line":103,"type":"if","locations":[{"start":{"line":103,"column":8},"end":{"line":103,"column":8}},{"start":{"line":103,"column":8},"end":{"line":103,"column":8}}]},"11":{"line":105,"type":"if","locations":[{"start":{"line":105,"column":15},"end":{"line":105,"column":15}},{"start":{"line":105,"column":15},"end":{"line":105,"column":15}}]},"12":{"line":119,"type":"if","locations":[{"start":{"line":119,"column":8},"end":{"line":119,"column":8}},{"start":{"line":119,"column":8},"end":{"line":119,"column":8}}]},"13":{"line":120,"type":"if","locations":[{"start":{"line":120,"column":8},"end":{"line":120,"column":8}},{"start":{"line":120,"column":8},"end":{"line":120,"column":8}}]},"14":{"line":121,"type":"if","locations":[{"start":{"line":121,"column":8},"end":{"line":121,"column":8}},{"start":{"line":121,"column":8},"end":{"line":121,"column":8}}]},"15":{"line":128,"type":"if","locations":[{"start":{"line":128,"column":8},"end":{"line":128,"column":8}},{"start":{"line":128,"column":8},"end":{"line":128,"column":8}}]},"16":{"line":139,"type":"if","locations":[{"start":{"line":139,"column":8},"end":{"line":139,"column":8}},{"start":{"line":139,"column":8},"end":{"line":139,"column":8}}]},"17":{"line":144,"type":"if","locations":[{"start":{"line":144,"column":8},"end":{"line":144,"column":8}},{"start":{"line":144,"column":8},"end":{"line":144,"column":8}}]},"18":{"line":145,"type":"if","locations":[{"start":{"line":145,"column":8},"end":{"line":145,"column":8}},{"start":{"line":145,"column":8},"end":{"line":145,"column":8}}]},"19":{"line":148,"type":"if","locations":[{"start":{"line":148,"column":8},"end":{"line":148,"column":8}},{"start":{"line":148,"column":8},"end":{"line":148,"column":8}}]},"20":{"line":149,"type":"if","locations":[{"start":{"line":149,"column":8},"end":{"line":149,"column":8}},{"start":{"line":149,"column":8},"end":{"line":149,"column":8}}]},"21":{"line":152,"type":"if","locations":[{"start":{"line":152,"column":8},"end":{"line":152,"column":8}},{"start":{"line":152,"column":8},"end":{"line":152,"column":8}}]},"22":{"line":164,"type":"if","locations":[{"start":{"line":164,"column":8},"end":{"line":164,"column":8}},{"start":{"line":164,"column":8},"end":{"line":164,"column":8}}]},"23":{"line":172,"type":"if","locations":[{"start":{"line":172,"column":8},"end":{"line":172,"column":8}},{"start":{"line":172,"column":8},"end":{"line":172,"column":8}}]},"24":{"line":173,"type":"if","locations":[{"start":{"line":173,"column":8},"end":{"line":173,"column":8}},{"start":{"line":173,"column":8},"end":{"line":173,"column":8}}]},"25":{"line":183,"type":"if","locations":[{"start":{"line":183,"column":8},"end":{"line":183,"column":8}},{"start":{"line":183,"column":8},"end":{"line":183,"column":8}}]},"26":{"line":184,"type":"if","locations":[{"start":{"line":184,"column":8},"end":{"line":184,"column":8}},{"start":{"line":184,"column":8},"end":{"line":184,"column":8}}]},"27":{"line":198,"type":"if","locations":[{"start":{"line":198,"column":12},"end":{"line":198,"column":12}},{"start":{"line":198,"column":12},"end":{"line":198,"column":12}}]},"28":{"line":199,"type":"if","locations":[{"start":{"line":199,"column":16},"end":{"line":199,"column":16}},{"start":{"line":199,"column":16},"end":{"line":199,"column":16}}]}}}}